==3902428== Memcheck, a memory error detector
==3902428== Copyright (C) 2002-2017, and GNU GPL'd, by Julian Seward et al.
==3902428== Using Valgrind-3.15.0 and LibVEX; rerun with -h for copyright info
==3902428== Command: ./manpage
==3902428== 
==3902428== 
==3902428== HEAP SUMMARY:
==3902428==     in use at exit: 0 bytes in 0 blocks
==3902428==   total heap usage: 20 allocs, 20 frees, 8,102 bytes allocated
==3902428== 
==3902428== All heap blocks were freed -- no leaks are possible
==3902428== 
==3902428== For lists of detected and suppressed errors, rerun with: -s
==3902428== ERROR SUMMARY: 0 errors from 0 contexts (suppressed: 0 from 0)
==3903249== Memcheck, a memory error detector
==3903249== Copyright (C) 2002-2017, and GNU GPL'd, by Julian Seward et al.
==3903249== Using Valgrind-3.15.0 and LibVEX; rerun with -h for copyright info
==3903249== Command: ./cartman -s
==3903249== 
==3903249== 
==3903249== HEAP SUMMARY:
==3903249==     in use at exit: 1,904 bytes in 7 blocks
==3903249==   total heap usage: 49 allocs, 42 frees, 20,126 bytes allocated
==3903249== 
==3903249== 272 bytes in 1 blocks are possibly lost in loss record 1 of 3
==3903249==    at 0x483DD99: calloc (in /usr/lib/x86_64-linux-gnu/valgrind/vgpreload_memcheck-amd64-linux.so)
==3903249==    by 0x40149CA: allocate_dtv (dl-tls.c:286)
==3903249==    by 0x40149CA: _dl_allocate_tls (dl-tls.c:532)
==3903249==    by 0x485F322: allocate_stack (allocatestack.c:622)
==3903249==    by 0x485F322: pthread_create@@GLIBC_2.2.5 (pthread_create.c:660)
==3903249==    by 0x10A8B3: ReserveBothJunctions (cartman.c:132)
==3903249==    by 0x10A729: ThreadedCart (cartman.c:95)
==3903249==    by 0x485E608: start_thread (pthread_create.c:477)
==3903249==    by 0x499A292: clone (clone.S:95)
==3903249== 
==3903249== 544 bytes in 2 blocks are possibly lost in loss record 2 of 3
==3903249==    at 0x483DD99: calloc (in /usr/lib/x86_64-linux-gnu/valgrind/vgpreload_memcheck-amd64-linux.so)
==3903249==    by 0x40149CA: allocate_dtv (dl-tls.c:286)
==3903249==    by 0x40149CA: _dl_allocate_tls (dl-tls.c:532)
==3903249==    by 0x485F322: allocate_stack (allocatestack.c:622)
==3903249==    by 0x485F322: pthread_create@@GLIBC_2.2.5 (pthread_create.c:660)
==3903249==    by 0x10A8D7: ReserveBothJunctions (cartman.c:134)
==3903249==    by 0x10A729: ThreadedCart (cartman.c:95)
==3903249==    by 0x485E608: start_thread (pthread_create.c:477)
==3903249==    by 0x499A292: clone (clone.S:95)
==3903249== 
==3903249== 1,088 bytes in 4 blocks are possibly lost in loss record 3 of 3
==3903249==    at 0x483DD99: calloc (in /usr/lib/x86_64-linux-gnu/valgrind/vgpreload_memcheck-amd64-linux.so)
==3903249==    by 0x40149CA: allocate_dtv (dl-tls.c:286)
==3903249==    by 0x40149CA: _dl_allocate_tls (dl-tls.c:532)
==3903249==    by 0x485F322: allocate_stack (allocatestack.c:622)
==3903249==    by 0x485F322: pthread_create@@GLIBC_2.2.5 (pthread_create.c:660)
==3903249==    by 0x10A622: arrive (cartman.c:68)
==3903249==    by 0x10B8A4: main (in /afs/cats.ucsc.edu/users/d/hquiring/CSE130/Assignment3/cartman)
==3903249== 
==3903249== LEAK SUMMARY:
==3903249==    definitely lost: 0 bytes in 0 blocks
==3903249==    indirectly lost: 0 bytes in 0 blocks
==3903249==      possibly lost: 1,904 bytes in 7 blocks
==3903249==    still reachable: 0 bytes in 0 blocks
==3903249==         suppressed: 0 bytes in 0 blocks
==3903249== 
==3903249== For lists of detected and suppressed errors, rerun with: -s
==3903249== ERROR SUMMARY: 3 errors from 3 contexts (suppressed: 0 from 0)
