==3716953== Memcheck, a memory error detector
==3716953== Copyright (C) 2002-2017, and GNU GPL'd, by Julian Seward et al.
==3716953== Using Valgrind-3.15.0 and LibVEX; rerun with -h for copyright info
==3716953== Command: ./pager --fifo
==3716953== 
==3716953== 
==3716953== HEAP SUMMARY:
==3716953==     in use at exit: 0 bytes in 0 blocks
==3716953==   total heap usage: 52 allocs, 52 frees, 14,732 bytes allocated
==3716953== 
==3716953== All heap blocks were freed -- no leaks are possible
==3716953== 
==3716953== For lists of detected and suppressed errors, rerun with: -s
==3716953== ERROR SUMMARY: 0 errors from 0 contexts (suppressed: 0 from 0)
==3717136== Memcheck, a memory error detector
==3717136== Copyright (C) 2002-2017, and GNU GPL'd, by Julian Seward et al.
==3717136== Using Valgrind-3.15.0 and LibVEX; rerun with -h for copyright info
==3717136== Command: ./pager --lru
==3717136== 
==3717136== 
==3717136== HEAP SUMMARY:
==3717136==     in use at exit: 0 bytes in 0 blocks
==3717136==   total heap usage: 106 allocs, 106 frees, 15,644 bytes allocated
==3717136== 
==3717136== All heap blocks were freed -- no leaks are possible
==3717136== 
==3717136== For lists of detected and suppressed errors, rerun with: -s
==3717136== ERROR SUMMARY: 0 errors from 0 contexts (suppressed: 0 from 0)
==3717294== Memcheck, a memory error detector
==3717294== Copyright (C) 2002-2017, and GNU GPL'd, by Julian Seward et al.
==3717294== Using Valgrind-3.15.0 and LibVEX; rerun with -h for copyright info
==3717294== Command: ./pager --lfu
==3717294== 
==3717294== 
==3717294== HEAP SUMMARY:
==3717294==     in use at exit: 0 bytes in 0 blocks
==3717294==   total heap usage: 166 allocs, 166 frees, 16,732 bytes allocated
==3717294== 
==3717294== All heap blocks were freed -- no leaks are possible
==3717294== 
==3717294== For lists of detected and suppressed errors, rerun with: -s
==3717294== ERROR SUMMARY: 0 errors from 0 contexts (suppressed: 0 from 0)
==3717484== Memcheck, a memory error detector
==3717484== Copyright (C) 2002-2017, and GNU GPL'd, by Julian Seward et al.
==3717484== Using Valgrind-3.15.0 and LibVEX; rerun with -h for copyright info
==3717484== Command: ./pager --sc
==3717484== 
==3717484== 
==3717484== HEAP SUMMARY:
==3717484==     in use at exit: 0 bytes in 0 blocks
==3717484==   total heap usage: 42 allocs, 42 frees, 14,620 bytes allocated
==3717484== 
==3717484== All heap blocks were freed -- no leaks are possible
==3717484== 
==3717484== For lists of detected and suppressed errors, rerun with: -s
==3717484== ERROR SUMMARY: 0 errors from 0 contexts (suppressed: 0 from 0)
==3717652== Memcheck, a memory error detector
==3717652== Copyright (C) 2002-2017, and GNU GPL'd, by Julian Seward et al.
==3717652== Using Valgrind-3.15.0 and LibVEX; rerun with -h for copyright info
==3717652== Command: ./pager --cq
==3717652== 
==3717652== 
==3717652== HEAP SUMMARY:
==3717652==     in use at exit: 0 bytes in 0 blocks
==3717652==   total heap usage: 59 allocs, 59 frees, 15,060 bytes allocated
==3717652== 
==3717652== All heap blocks were freed -- no leaks are possible
==3717652== 
==3717652== For lists of detected and suppressed errors, rerun with: -s
==3717652== ERROR SUMMARY: 0 errors from 0 contexts (suppressed: 0 from 0)
